c:\users\trifa\downloads\gfx-framework\build\gfxframework.dir\debug\vc143.pdb
c:\users\trifa\downloads\gfx-framework\build\gfxframework.dir\debug\terrain.obj
c:\users\trifa\downloads\gfx-framework\build\gfxframework.dir\debug\tankwarsgame.obj
c:\users\trifa\downloads\gfx-framework\build\gfxframework.dir\debug\tankcolorselectionui.obj
c:\users\trifa\downloads\gfx-framework\build\gfxframework.dir\debug\tank.obj
c:\users\trifa\downloads\gfx-framework\build\gfxframework.dir\debug\projectile.obj
c:\users\trifa\downloads\gfx-framework\build\gfxframework.dir\debug\world.obj
c:\users\trifa\downloads\gfx-framework\build\gfxframework.dir\debug\window_object.obj
c:\users\trifa\downloads\gfx-framework\build\gfxframework.dir\debug\window_callbacks.obj
c:\users\trifa\downloads\gfx-framework\build\gfxframework.dir\debug\input_controller.obj
c:\users\trifa\downloads\gfx-framework\build\gfxframework.dir\debug\texture_manager.obj
c:\users\trifa\downloads\gfx-framework\build\gfxframework.dir\debug\texture2d.obj
c:\users\trifa\downloads\gfx-framework\build\gfxframework.dir\debug\shader.obj
c:\users\trifa\downloads\gfx-framework\build\gfxframework.dir\debug\mesh.obj
c:\users\trifa\downloads\gfx-framework\build\gfxframework.dir\debug\gpu_buffers.obj
c:\users\trifa\downloads\gfx-framework\build\gfxframework.dir\debug\frame_buffer.obj
c:\users\trifa\downloads\gfx-framework\build\gfxframework.dir\debug\engine.obj
c:\users\trifa\downloads\gfx-framework\build\gfxframework.dir\debug\text_renderer.obj
c:\users\trifa\downloads\gfx-framework\build\gfxframework.dir\debug\simple_scene.obj
c:\users\trifa\downloads\gfx-framework\build\gfxframework.dir\debug\scene_input.obj
c:\users\trifa\downloads\gfx-framework\build\gfxframework.dir\debug\camera_input.obj
c:\users\trifa\downloads\gfx-framework\build\gfxframework.dir\debug\text_utils.obj
c:\users\trifa\downloads\gfx-framework\build\gfxframework.dir\debug\gl_utils.obj
c:\users\trifa\downloads\gfx-framework\build\gfxframework.dir\debug\main.obj
c:\users\trifa\downloads\gfx-framework\build\gfxframework.dir\debug\lab9.obj
c:\users\trifa\downloads\gfx-framework\build\gfxframework.dir\debug\lab8.obj
c:\users\trifa\downloads\gfx-framework\build\gfxframework.dir\debug\lab7.obj
c:\users\trifa\downloads\gfx-framework\build\gfxframework.dir\debug\lab6.obj
c:\users\trifa\downloads\gfx-framework\build\gfxframework.dir\debug\lab5.obj
c:\users\trifa\downloads\gfx-framework\build\gfxframework.dir\debug\lab4.obj
c:\users\trifa\downloads\gfx-framework\build\gfxframework.dir\debug\object2d.obj
c:\users\trifa\downloads\gfx-framework\build\gfxframework.dir\debug\lab3_vis2d.obj
c:\users\trifa\downloads\gfx-framework\build\gfxframework.dir\debug\lab3.obj
c:\users\trifa\downloads\gfx-framework\build\gfxframework.dir\debug\lab2.obj
c:\users\trifa\downloads\gfx-framework\build\gfxframework.dir\debug\lab1.obj
c:\users\trifa\downloads\gfx-framework\build\gfxframework.dir\debug\vis2d.obj
c:\users\trifa\downloads\gfx-framework\build\gfxframework.dir\debug\object_2d.obj
c:\users\trifa\downloads\gfx-framework\build\gfxframework.dir\debug\transition.obj
c:\users\trifa\downloads\gfx-framework\build\gfxframework.dir\debug\trajectorybeam.obj
c:\users\trifa\downloads\gfx-framework\build\cmakefiles\generate.stamp
c:\users\trifa\downloads\gfx-framework\build\debug\gfxframework.lib
c:\users\trifa\downloads\gfx-framework\build\debug\gfxframework.exp
c:\users\trifa\downloads\gfx-framework\build\bin\debug\gfxframework.exe
c:\users\trifa\downloads\gfx-framework\build\gfxframework.dir\debug\gfxframework.ilk
c:\users\trifa\downloads\gfx-framework\build\bin\debug\gfxframework.pdb
c:\users\trifa\downloads\gfx-framework\build\gfxframework.dir\debug\gfxframework.tlog\cl.command.1.tlog
c:\users\trifa\downloads\gfx-framework\build\gfxframework.dir\debug\gfxframework.tlog\cl.read.1.tlog
c:\users\trifa\downloads\gfx-framework\build\gfxframework.dir\debug\gfxframework.tlog\cl.write.1.tlog
c:\users\trifa\downloads\gfx-framework\build\gfxframework.dir\debug\gfxframework.tlog\custombuild.command.1.tlog
c:\users\trifa\downloads\gfx-framework\build\gfxframework.dir\debug\gfxframework.tlog\custombuild.read.1.tlog
c:\users\trifa\downloads\gfx-framework\build\gfxframework.dir\debug\gfxframework.tlog\custombuild.write.1.tlog
c:\users\trifa\downloads\gfx-framework\build\gfxframework.dir\debug\gfxframework.tlog\gfxframework.write.1u.tlog
c:\users\trifa\downloads\gfx-framework\build\gfxframework.dir\debug\gfxframework.tlog\link.command.1.tlog
c:\users\trifa\downloads\gfx-framework\build\gfxframework.dir\debug\gfxframework.tlog\link.read.1.tlog
c:\users\trifa\downloads\gfx-framework\build\gfxframework.dir\debug\gfxframework.tlog\link.write.1.tlog
